<?xml version="1.0" encoding="UTF-8"?>
<!-- Generated by org.testng.reporters.JUnitReportReporter -->
<testsuite hostname="DESKTOP-UGDPRUP" failures="0" tests="1" name="com.happyday.maven.myfirsttest" time="15.041" errors="0" timestamp="2023-08-24T10:39:12 CDT" skipped="0">
  <testcase classname="com.happyday.maven.myfirsttest" name="onebrowser" time="15.041"/>
</testsuite> <!-- com.happyday.maven.myfirsttest -->
